
 ==============================
 S N O P T  7.6.0    (Jan 2017)
 ==============================
 
 SNMEMA EXIT 100 -- finished successfully
 SNMEMA INFO 104 -- memory requirements estimated
 
 Scale option  0
 

 Nonlinear constraints      80     Linear constraints       1
 Nonlinear variables        99     Linear variables         0
 Jacobian  variables        99     Objective variables     11
 Total constraints          81     Total variables         99
 
 Itn      0: Feasible linear rows
 Itn      0: PP1.  Minimizing  Norm(x-x0)

 Itn      0: PP1.  Norm(x-x0) approximately minimized  (0.00E+00)

 
 The user has defined    1451   out of    1451   first  derivatives
 
 Itn      0: Hessian set to a scaled identity matrix

 Major Minors     Step   nCon Feasible  Optimal  MeritFunction     nS Penalty
     0     19               1  5.0E-02  4.1E-03  0.0000000E+00      9           r
 Itn     19: Hessian set to a scaled identity matrix
     1      1  5.0E-01      2  2.5E-02  4.0E-03  4.3160942E+00      9 1.7E+03   rl
     2      1  1.0E+00      3 (1.6E-09) 8.5E-02  1.4395920E+00      9 2.3E+04 s
     3      1  4.4E-01      5 (5.5E-10) 1.4E-02  8.7833811E-01      9 2.3E+04
     4      1  1.2E-01      7 (9.6E-10) 6.7E-03  4.9438714E-01      9 2.3E+04
     5      1  1.7E-01      9 (7.5E-10) 7.3E-03  3.0816276E-01      9 2.3E+04
     6      1  1.5E-01     11 (7.4E-10) 8.1E-03  2.1731374E-01      9 2.3E+04
     7      1  1.2E-01     13 (8.3E-10) 4.5E-03  1.6983232E-01      9 2.3E+04
     8      1  1.5E-01     15 (5.9E-10) 6.7E-03  1.5897908E-01      9 2.3E+04
     9      1  1.0E+00     16 (1.0E-09) 3.9E-02  9.4964698E-02      9 2.3E+04

 Major Minors     Step   nCon Feasible  Optimal  MeritFunction     nS Penalty
    10      1  1.1E-01     18 (8.0E-10) 2.6E-02  5.0388926E-02      9 2.3E+04
    11      1  6.7E-02     20 (7.4E-10) 2.7E-02  4.8551788E-02      9 2.3E+04
 Itn     30: Hessian off-diagonals discarded
    12      1  1.0E+00     21 (3.2E-10) 2.8E-03  4.5373760E-02      9 2.7E+02   R
    13      1  1.0E+00     22 (1.1E-11) 5.6E-04  4.5315821E-02      9 4.1E+01 s
    14      1  1.0E+00     23 (1.2E-11) 1.0E-03  4.5299142E-02      9 4.1E+01
    15      1  1.0E+00     24 (1.8E-11) 8.2E-05  4.5289932E-02      9 4.1E+01
    16      1  1.0E+00     25 (1.8E-13) 2.2E-05  4.5289858E-02      9 1.6E+01
    17      1  1.0E+00     26 (1.8E-13)(1.2E-06) 4.5289855E-02      9 1.6E+01
 
 SNOPTA EXIT   0 -- finished successfully
 SNOPTA INFO   1 -- optimality conditions satisfied

 Problem name
 No. of iterations                  36   Objective            4.5289855085E-02
 No. of major iterations            17   Linear    obj. term  0.0000000000E+00
 Penalty parameter           1.618E+01   Nonlinear obj. term  4.5289855085E-02
 User function calls (total)       126
 No. of superbasics                  9   No. of basic nonlinears            75
 No. of degenerate steps            12   Percentage                      33.33
 Max x                      95 2.0E+00   Max pi                      7 4.9E+00
 Max Primal infeas         179 4.4E-15   Max Dual infeas            18 6.1E-06
 Nonlinear constraint violn    3.6E-13
 
 

 Solution printed on file   9
 
 Time for MPS input                             0.00 seconds
 Time for solving problem                       1.36 seconds
 Time for solution output                       0.02 seconds
 Time for constraint functions                  1.36 seconds
 Time for objective function                    0.00 seconds
