
         ==============================
         S N O P T  7.6.0    (Jan 2017)
         ==============================
1
 
 SNMEMA EXIT 100 -- finished successfully
 SNMEMA INFO 104 -- memory requirements estimated
1
 
 Parameters
 ==========

 Files
 -----
 Solution file..........         0       Old basis file ........         0       Standard input.........         5
 Insert file............         0       New basis file ........         0       (Printer)..............         9
 Punch file.............         0       Backup basis file......         0       (Specs file)...........         0
 Load file..............         0       Dump file..............         0       Standard output........         6

 Frequencies
 -----------
 Print frequency........       100       Check frequency........        60       Save new basis map.....       100
 Summary frequency......       100       Factorization frequency        50       Expand frequency.......     10000

 QP subproblems
 --------------
 QPsolver Cholesky......
 Scale tolerance........     0.900       Minor feasibility tol..  1.00E-06       Iteration limit........     10000
 Scale option...........         0       Minor optimality  tol..  1.00E-06       Minor print level......         1
 Crash tolerance........     0.100       Pivot tolerance........  3.25E-11       New superbasics........        99
 Crash option...........         3       Elastic weight.........  1.00E+05

 Partial pricing
 ---------------
 LP Partial price.......         1       Prtl price section ( A)       279       Prtl price section (-I)       241
 QP Partial price.......         1       Prtl price section ( A)       279       Prtl price section (-I)       241

 The SQP Method
 --------------
 Minimize...............                 Cold start.............                 Proximal Point method..         1
 Nonlinear objectiv vars        31       Objective Row..........         1       Function precision.....  3.00E-13
 Unbounded step size....  1.00E+20       Superbasics limit......       279       Difference interval....  5.48E-07
 Unbounded objective....  1.00E+10       Reduced Hessian dim....       279       Central difference int.  6.70E-05
 Major step limit.......  2.00E+00       Derivative linesearch..                 Derivative option......         1
 Major iterations limit.      1000       Linesearch tolerance...   0.90000       Verify level...........         0
 Minor iterations limit.       500       Penalty parameter......  0.00E+00       Major Print Level......         1
 Time limit (secs)...... 9999999.0       Major optimality tol...  2.00E-06

 Hessian Approximation
 ---------------------
 Hessian limited-memory.                 Hessian updates........        10       Hessian frequency......  99999999
                                                                                 Hessian flush..........  99999999

 Nonlinear constraints
 ---------------------
 Nonlinear constraints..       240       Major feasibility tol..  1.00E-06       Violation limit........  1.00E+01
 Nonlinear Jacobian vars       279

 Miscellaneous
 -------------
 LU factor tolerance....      3.99       LU singularity tol.....  3.25E-11       Timing level...........         3
 LU update tolerance....      3.99       LU swap tolerance......  1.22E-04       Debug level............         0
 LU partial  pivoting...                 eps (machine precision)  2.22E-16       System information.....        No
                                                                                 Sticky parameters......        No

 Total char*8  workspace       500       Total integer workspace     98211       Total real    workspace    127271
 Total char*8  (minimum)       500       Total integer (minimum)     27928       Total real    (minimum)     90755
 
1
 

 

 Matrix statistics
 -----------------
               Total      Normal        Free       Fixed     Bounded
 Rows            241           0           1         240           0
 Columns         279           0         266          13           0

 No. of matrix elements                 4320     Density       6.425
 Biggest  constant element        0.0000E+00  (excluding fixed columns,
 Smallest constant element        0.0000E+00   free rows, and RHS)

 No. of objective coefficients             0

 Nonlinear constraints     240     Linear constraints       1
 Nonlinear variables       279     Linear variables         0
 Jacobian  variables       279     Objective variables     31
 Total constraints         241     Total variables        279
1
 
 Initial basis
 -------------

 No basis file supplied

 Crash option  3

 Crash on linear E  rows:

 Crash on linear LG rows:
 Slacks     1  Free cols     0  Preferred     0
 Unit       0  Double        0  Triangle      0  Pad     0

 Itn      0: Feasible linear rows
 Itn      0: PP1.  Minimizing  Norm(x-x0)

 Itn      0: PP1.  Norm(x-x0) approximately minimized  (0.00E+00)

 
 The user has defined    4351   out of    4351   first  derivatives

 Cheap test of user-supplied problem derivatives...

 The constraint gradients seem to be OK.

 -->  The largest discrepancy was    6.09E-09  in constraint   398
 

 The objective  gradients seem to be OK.

 Gradient projected in one direction   3.93242182681E-02
 Difference approximation              3.93242740416E-02

 Crash on nonlinear rows:
 Slacks     0  Free cols   173  Preferred     0
 Unit       0  Double        0  Triangle      0  Pad    67
1
 
 Itn      0: Hessian set to a scaled identity matrix
 Itn     70: Reduced Hessian is semidefinite. Square of diag, min diag =   4.0E+03  1.1E+04
 Itn     70: Indefinite QP reduced Hessian
 Itn     77: Large multipliers. Elastic mode started with weight =  6.6E+06

    Itn     QP mult  QP step   rgNorm  SumInfE NonOpt Elastic QP obj   +SBS   -SBS    -BS    Pivot     L+U ncp    nS condZHZ
    100    -1.4E+03  1.0E+00  2.8E+01  1.3E-06     20  3.2987817E+04     17                           1840         8 3.7E+13
 

   Itns Major Minors    Step   nCon Feasible  Optimal  MeritFunction     L+U BSwap     nS condZHZ Penalty
    182     0    182              1  3.0E+00  2.0E+00  1.3179495E+03    1840           27 1.3E+13         _  r i
 Itn    182: Hessian set to a scaled identity matrix
    193     1     11 1.1E-01      2  2.8E+00  2.0E+00  4.0011941E+04    1982           27 5.3E+12 4.9E+01 _  rli
    194     2      1 1.3E-01      3  2.6E+00  2.0E+00  4.7172867E+04    1845    16     27 1.3E+02 6.6E+01 _s  li
    197     3      3 1.0E+00      4  1.7E-01  8.7E-01  1.1688174E+02    2021    15     27 6.9E+01 1.9E+01 _    i
    201     4      4 7.3E-01      6  4.7E-02  2.4E-01  7.8017758E+01    2067           27 7.8E+01 3.0E+01 _    i
    202     5      1 1.0E+00      7  5.0E-02  2.5E-01  6.6869319E+01    1986           27 8.5E+01 2.6E+01 _    i
    203     6      1 1.0E+00      8  1.5E-02  7.7E-02  5.0844298E+01    2007           27 1.2E+02 2.6E+01 _    i
    204     7      1 1.0E+00     10  8.8E-02  4.4E-01  2.4588021E+00    2015           27 6.0E+02 2.6E+01 _ m  i
    208     8      4 1.0E+00     11  2.6E-02  1.3E-01  3.9398403E+01    2029           27 1.2E+02 2.8E+02 _    i
    209     9      1 1.0E+00     12  2.1E-02  1.1E-01  3.3542874E+01    1978           27 1.2E+02 1.2E+02 _    i
    212    10      3 1.0E+00     13  8.5E-03  4.3E-02  2.7745056E+01    2029           27 1.9E+02 1.2E+02 _    i
    214    11      2 1.0E+00     14  1.7E-02  9.0E-02  2.3768322E+01    1966    16     27 4.5E+01 1.2E+02 _    i
 Itn    214: Hessian off-diagonals discarded
    217    12      3 1.0E+00     15  9.5E-03  5.8E-02  1.9667526E+01    1998           27 2.2E+02 1.2E+02 _  R i
    218    13      1 1.0E+00     16  3.5E-04  2.1E-03  1.9413739E+01    1947           27 2.1E+02 1.2E+03 _s   i
    222    14      4 1.0E+00     17  1.2E-03  7.3E-03  1.7436475E+01    1959           27 1.8E+02 6.2E+02 _    i
    223    15      1 3.5E-01     19  1.5E-03  9.2E-03  1.5584979E+01    2008    18     27 3.2E+02 6.2E+02 _    i
    224    16      1 3.8E-01     21  9.7E-04  6.2E-03  1.5157337E+01    2009           27 2.9E+02 6.2E+02 _    i
    225    17      1 4.0E-01     23  6.6E-04  4.2E-03  1.4753488E+01    1989           27 4.1E+02 6.2E+02 _    i
    226    18      1 1.0E+00     24  2.4E-03  1.5E-02  1.3877324E+01    2010           27 3.4E+02 6.2E+02 _    i
    227    19      1 5.9E-01     26  2.6E-03  1.7E-02  1.2736223E+01    1981           27 3.2E+02 6.2E+02 _    i

   Itns Major Minors    Step   nCon Feasible  Optimal  MeritFunction     L+U BSwap     nS condZHZ Penalty
    228    20      1 4.8E-01     28  3.7E-03  2.5E-02  1.1044892E+01    1989           27 2.7E+02 6.2E+02 _    i
    229    21      1 1.0E+00     29  5.9E-03  4.1E-02  1.0072972E+01    2009           27 3.3E+02 6.2E+02 _    i
    230    22      1 3.6E-01     31  3.9E-03  2.8E-02  8.5343482E+00    1969    14     27 1.1E+02 6.2E+02 _    i
 Itn    230: Hessian off-diagonals discarded
    231    23      1 5.0E-01     33  2.0E-03  1.4E-02  7.7378948E+00    1985           27 1.0E+02 6.2E+02 _  R i
    232    24      1 1.0E+00     34  1.2E-03  8.6E-03  6.9118913E+00    1964           27 9.9E+01 6.2E+02 _s   i
    233    25      1 1.0E+00     35  2.9E-04  2.0E-03  6.4492652E+00    1977           27 9.2E+01 6.2E+02 _    i
    234    26      1 1.0E+00     36  1.3E-03  8.9E-03  5.9177196E+00    1984           27 9.0E+01 6.2E+02 _    i
    235    27      1 1.0E+00     37  9.8E-04  6.5E-03  5.5612682E+00    1997           27 9.2E+01 6.2E+02 _    i
    236    28      1 1.0E+00     38  2.1E-03  1.4E-02  4.8208463E+00    1993           27 9.5E+01 6.2E+02 _    i
    237    29      1 1.0E+00     39  2.6E-03  1.7E-02  4.5244261E+00    1971    13     27 1.0E+02 6.2E+02 _    i
    238    30      1 1.0E+00     40  5.3E-04  3.4E-03  4.2257638E+00    2053           27 9.9E+01 6.2E+02 _    i
    239    31      1 1.0E+00     41  2.1E-04  1.4E-03  4.0691351E+00    2014           27 9.5E+01 6.2E+02 _    i
    240    32      1 1.0E+00     42  5.4E-04  3.4E-03  3.9514745E+00    1994           27 9.3E+01 6.2E+02 _    i
    241    33      1 1.0E+00     43  6.9E-04  4.4E-03  3.8601336E+00    2007           27 9.5E+01 6.2E+02 _    i
 Itn    241: Hessian off-diagonals discarded
    242    34      1 1.0E+00     44  1.2E-03  7.7E-03  3.7642955E+00    1996           27 9.7E+01 6.2E+02 _  R i
    243    35      1 1.0E+00     45  1.6E-05  1.1E-04  3.7306666E+00    1994           27 9.6E+01 6.2E+02 _s   i
    244    36      1 1.0E+00     46  2.4E-04  1.5E-03  3.7182019E+00    1992    11     27 9.2E+01 6.2E+02 _    i
    245    37      1 1.0E+00     47  4.2E-05  2.7E-04  3.6640787E+00    2000           27 9.0E+01 6.2E+02 _    i
    246    38      1 1.0E+00     48  5.0E-04  3.2E-03  3.6433098E+00    2011           27 8.9E+01 6.2E+02 _    i
    247    39      1 1.0E+00     49  2.1E-04  1.4E-03  3.6002171E+00    1999           27 8.9E+01 6.2E+02 _    i

   Itns Major Minors    Step   nCon Feasible  Optimal  MeritFunction     L+U BSwap     nS condZHZ Penalty
    248    40      1 1.0E+00     50  8.1E-04  5.2E-03  3.5615959E+00    2005           27 8.9E+01 6.2E+02 _    i
    249    41      1 1.0E+00     51  3.8E-05  2.5E-04  3.5180146E+00    1971           27 8.7E+01 6.2E+02 _    i
    250    42      1 1.0E+00     52  9.4E-05  6.1E-04  3.5077505E+00    1985           27 8.9E+01 6.2E+02 _    i
    251    43      1 1.0E+00     53  5.7E-05  3.7E-04  3.4890467E+00    1964           27 9.0E+01 6.2E+02 _    i
    252    44      1 1.0E+00     54  4.1E-04  2.7E-03  3.4668181E+00    1970           27 8.9E+01 6.2E+02 _    i
 Itn    252: Hessian off-diagonals discarded
    253    45      1 1.0E+00     55  2.0E-04  1.3E-03  3.4454685E+00    1972           27 8.3E+01 6.2E+02 _  R i
    254    46      1 1.0E+00     56  3.1E-05  2.0E-04  3.4423141E+00    1992    10     27 5.7E+01 6.2E+02 _s   i
    255    47      1 3.8E-01     58  2.0E-05  1.3E-04  3.4418380E+00    1972           27 5.9E+01 6.2E+02 _    i
    256    48      1 1.0E+00     59  1.6E-05  1.1E-04  3.4334569E+00    1968           27 6.5E+01 6.2E+02 _    i
    257    49      1 1.2E-01     62  2.5E-05  1.7E-04  3.4310587E+00    1973           27 6.5E+01 6.2E+02 _    i
    258    50      1 1.0E+00     63  8.5E-05  5.7E-04  3.4182719E+00    1993           27 6.5E+01 6.2E+02 _    i
    259    51      1 1.0E+00     64  1.2E-04  8.1E-04  3.4156142E+00    1990           27 6.4E+01 6.2E+02 _    i
    260    52      1 1.0E+00     65  1.6E-05  1.1E-04  3.3981877E+00    1971           27 6.0E+01 6.2E+02 _    i
    261    53      1 1.0E+00     66  5.3E-05  3.6E-04  3.3825367E+00    1980           27 6.0E+01 6.2E+02 _    i
    262    54      1 1.0E+00     67  2.4E-04  1.6E-03  3.3640647E+00    1955    16     27 3.1E+02 6.2E+02 _    i
    263    55      1 1.0E+00     68  3.9E-04  2.7E-03  3.3378032E+00    1963           27 2.8E+02 6.2E+02 _    i
 Itn    263: Hessian off-diagonals discarded
    264    56      1 1.0E+00     69  1.4E-03  1.0E-02  3.3267428E+00    1966           27 2.3E+02 6.2E+02 _  R i
    265    57      1 1.0E+00     70  2.4E-05  1.7E-04  3.2744100E+00    1946           27 4.2E+02 6.2E+02 _s   i
    266    58      1 1.0E+00     71  6.8E-05  4.9E-04  3.2677112E+00    1962           27 4.3E+02 6.2E+02 _    i
    267    59      1 1.0E+00     72  3.1E-05  2.2E-04  3.2500560E+00    1958           27 4.5E+02 6.2E+02 _    i

   Itns Major Minors    Step   nCon Feasible  Optimal  MeritFunction     L+U BSwap     nS condZHZ Penalty
    268    60      1 1.0E+00     73  6.7E-06  4.8E-05  3.2435411E+00    1963           27 4.3E+02 6.2E+02 _    i
    269    61      1 2.8E-01     75  2.3E-05  1.7E-04  3.2418793E+00    1957           27 4.6E+02 6.2E+02 _    i
    270    62      1 1.0E+00     76  3.2E-05  2.3E-04  3.2256367E+00    1978           27 3.8E+02 6.2E+02 _    i
    271    63      1 2.9E-01     78  1.0E-04  7.5E-04  3.2194736E+00    1967           27 4.5E+02 6.2E+02 _    i
    272    64      1 1.0E+00     79  7.2E-04  5.3E-03  3.2069644E+00    1959     9     27 5.2E+01 6.2E+02 _    i
    273    65      1 1.0E+00     80  2.0E-04  1.5E-03  3.1623249E+00    2008           27 4.7E+01 6.2E+02 _    i
    274    66      1 1.0E+00     81  1.6E-04  1.2E-03  3.1474643E+00    1962           27 4.9E+01 6.2E+02 _    i
 Itn    274: Hessian off-diagonals discarded
    275    67      1 1.0E+00     82  3.2E-04  2.4E-03  3.1330240E+00    1963           27 5.0E+01 6.2E+02 _  R i
    276    68      1 1.0E+00     83  7.7E-06  5.7E-05  3.1129034E+00    1969           27 4.7E+01 6.2E+02 _s   i
    277    69      1 1.0E+00     84  4.9E-05  3.6E-04  3.1094726E+00    2006           27 4.9E+01 6.2E+02 _    i
    278    70      1 1.0E+00     85  9.4E-05  6.9E-04  3.1035270E+00    1953           27 4.5E+01 6.2E+02 _    i
    279    71      1 1.0E+00     86  1.3E-04  9.7E-04  3.0872419E+00    1989           27 4.1E+01 6.2E+02 _    i
    280    72      1 1.0E+00     87  4.8E-06  3.6E-05  3.0733815E+00    1941    17     27 3.8E+01 6.2E+02 _    i
    281    73      1 1.0E+00     88  1.8E-05  1.3E-04  3.0674500E+00    1940           27 4.0E+01 6.2E+02 _    i
    282    74      1 1.0E+00     89  1.5E-05  1.1E-04  3.0588333E+00    1963           27 3.8E+01 6.2E+02 _    i
    283    75      1 1.0E+00     90  1.6E-04  1.2E-03  3.0460257E+00    1962    15     27 1.0E+02 6.2E+02 _    i
    284    76      1 1.8E-01     92  1.7E-04  1.2E-03  3.0458568E+00    1993           27 1.5E+02 6.2E+02 _    i
    285    77      1 9.5E-02     95  1.9E-04  1.4E-03  3.0451580E+00    1973           27 9.6E+01 6.2E+02 _    i
 Itn    285: Hessian off-diagonals discarded
    286    78      1 1.0E+00     96  3.0E-05  2.2E-04  3.0241266E+00    1986           27 1.2E+02 6.2E+02 _  R i
    287    79      1 1.0E+00     97  1.0E-05  7.4E-05  3.0184156E+00    1980           27 9.4E+01 6.2E+02 _s   i

   Itns Major Minors    Step   nCon Feasible  Optimal  MeritFunction     L+U BSwap     nS condZHZ Penalty
    288    80      1 2.4E-01     99  1.5E-05  1.1E-04  3.0173679E+00    1971           27 9.1E+01 6.2E+02 _    i
    289    81      1 4.8E-01    101  1.5E-05  1.1E-04  3.0149906E+00    1949    16     27 5.3E+01 6.2E+02 _    i
    290    82      1 1.0E+00    102  1.4E-05  1.1E-04  3.0066223E+00    1967           27 5.4E+01 6.2E+02 _    i
    291    83      1 3.4E-02    105  1.5E-05  1.1E-04  3.0063996E+00    1940           27 5.6E+01 6.2E+02 _    i
    292    84      1 3.8E-01    107  8.2E-05  6.1E-04  3.0018605E+00    1960           27 5.7E+01 6.2E+02 _    i
    293    85      1 1.0E+00    108  8.4E-05  6.3E-04  2.9848013E+00    1945           27 5.5E+01 6.2E+02 _    i
    294    86      1 1.0E+00    109  7.0E-05  5.3E-04  2.9778069E+00    1939           27 5.1E+01 6.2E+02 _    i
    295    87      1 1.0E+00    110  1.2E-04  9.3E-04  2.9730336E+00    1955           27 5.1E+01 6.2E+02 _    i
    296    88      1 1.0E+00    111  8.0E-05  6.1E-04  2.9579232E+00    1976    12     27 4.3E+01 6.2E+02 _    i
 Itn    296: Hessian off-diagonals discarded
    297    89      1 1.0E+00    112  9.1E-05  7.0E-04  2.9391444E+00    1987           27 6.5E+01 6.2E+02 _  R i
    298    90      1 1.0E+00    113  2.2E-06  1.7E-05  2.9347618E+00    1973           27 5.8E+01 6.2E+02 _s   i
    299    91      1 2.8E-01    115  3.2E-06  2.4E-05  2.9336251E+00    1982           27 6.3E+01 6.2E+02 _    i
    300    92      1 1.0E+00    116  3.5E-05  2.7E-04  2.9323233E+00    1989           27 5.9E+01 6.2E+02 _    i
    301    93      1 1.0E+00    117  1.9E-05  1.4E-04  2.9257230E+00    1994           27 6.2E+01 6.2E+02 _    i
    302    94      1 1.0E+00    118  1.1E-05  8.8E-05  2.9178443E+00    1985           27 5.4E+01 6.2E+02 _    i
    303    95      1 1.4E-01    120  2.5E-05  1.9E-04  2.9167235E+00    1964    19     27 8.4E+01 6.2E+02 _    i
    304    96      1 1.0E+00    121  2.6E-05  2.0E-04  2.9120381E+00    1918           27 1.1E+02 6.2E+02 _    i
    305    97      1 1.0E+00    122  8.2E-05  6.3E-04  2.9100639E+00    1932           27 1.1E+02 6.2E+02 _    i
    306    98      1 1.0E+00    123  5.9E-05  4.5E-04  2.9007135E+00    1932           27 1.1E+02 6.2E+02 _    i
    307    99      1 1.0E+00    124  6.1E-06  4.7E-05  2.8902966E+00    1954           27 1.1E+02 6.2E+02 _    i
 Itn    307: Hessian off-diagonals discarded

   Itns Major Minors    Step   nCon Feasible  Optimal  MeritFunction     L+U BSwap     nS condZHZ Penalty
    308   100      1 1.0E+00    125  2.5E-05  1.9E-04  2.8882786E+00    1954           27 1.0E+02 6.2E+02 _  R i
    309   101      1 1.0E+00    126  2.6E-06  2.0E-05  2.8830082E+00    1930           27 1.0E+02 6.2E+02 _s   i
    310   102      1 3.3E-01    128  2.2E-06  1.7E-05  2.8822703E+00    1946           27 9.3E+01 6.2E+02 _    i
    311   103      1 1.0E+00    129  3.7E-06  2.9E-05  2.8783561E+00    1947           27 6.5E+01 6.2E+02 _    i
    312   104      1 4.3E-02    132  3.6E-06  2.7E-05  2.8783196E+00    1939           27 8.1E+01 6.2E+02 _    i
    313   105      1 2.4E-01    134  5.1E-06  4.0E-05  2.8773441E+00    1959           27 8.0E+01 6.2E+02 _    i
    314   106      1 8.3E-08    140  5.1E-06  4.0E-05  2.8839384E+00    1920           27 2.7E+04 7.0E+06 _    i
    315   107      1 1.0E+00    141  4.1E-06  3.2E-05  2.8727418E+00    1939           27 2.7E+04 7.2E+04 _    i
    316   108      1 1.0E+00    142  1.3E-05  1.0E-04  2.8698232E+00    1983           27 2.7E+04 1.5E+04 _    i
    317   109      1 1.0E+00    143  2.4E-05  1.9E-04  2.8643301E+00    1942           27 2.7E+04 1.1E+04 _    i
    318   110      1 3.5E-01    145  1.4E-04  1.1E-03  2.8618660E+00    1933           27 2.6E+04 1.1E+04 _    i
 Itn    318: Hessian off-diagonals discarded
    319   111      1 5.0E-01    147  1.4E-04  1.1E-03  2.8592581E+00    1935           27 7.9E+04 1.1E+04 _  R i
    320   112      1 1.0E+00    148 (5.1E-07) 4.0E-06  2.8517558E+00    1925           27 7.9E+04 1.1E+04 _s   i
 Itn    321: Elastic weight increased to   6.596E+07
 Itn    322: Elastic weight increased to   6.596E+09
 Itn    323: Elastic weight increased to   6.596E+11
    328   113      8 1.0E+00    149 (1.7E-07) 5.8E-02  2.8500910E+00    1924           26 1.4E+06 1.1E+04 _
    330   114      2 1.0E+00    151 (5.8E-08)(1.7E-07) 2.8497857E+00    1975           26 1.5E+06 1.1E+04 _ M
1
 
 SNOPTA EXIT   0 -- finished successfully
 SNOPTA INFO   1 -- optimality conditions satisfied

 Problem name
 No. of iterations                 330   Objective            2.8497869142E+00
 No. of major iterations           114   Linear    obj. term  0.0000000000E+00
 Penalty parameter           1.060E+04   Nonlinear obj. term  2.8497869142E+00
 User function calls (total)       152
 No. of superbasics                 26   No. of basic nonlinears           240
 No. of degenerate steps           117   Percentage                      35.45
 Max x                     123 7.9E+00   Max pi                     47 2.3E+06
 Max Primal infeas           0 0.0E+00   Max Dual infeas            16 3.9E-01
 Nonlinear constraint violn    4.6E-07
1
 
 Name                                    Objective Value      2.8497869142E+00

 Status         Optimal Soln             Iteration    330    Superbasics    26

 Objective               (Min)
 RHS
 Ranges
 Bounds

 Section 1 - Constraints

  Number  ...Row.. State  ...Value......  Slack Value...  ..Lower Limit.  ..Upper Limit.  .Dual Variable    ..i
 
     280  r      1    BS          .               .                None            None         -1.0          1
     281  r      2 A  EQ         0.00000         0.00000          .               .             -0.21821      2
     282  r      3 A  EQ        -0.00000        -0.00000          .               .             -0.16545      3
     283  r      4 A  EQ        -0.00000        -0.00000          .               .              0.39283      4
     284  r      5 A  EQ         0.00000         0.00000          .               .             -0.00001      5
     285  r      6 A  EQ        -0.00000        -0.00000          .               .             -1.94330      6
     286  r      7 A  EQ         0.00000         0.00000          .               .             -0.87993      7
     287  r      8    EQ        -0.00000        -0.00000          .               .       -2310175.14288      8
     288  r      9    EQ         0.00000         0.00000          .               .       -1155088.02889      9
     289  r     10 A  EQ        -0.00000        -0.00000          .               .             -0.21821     10
     290  r     11 A  EQ         0.00000         0.00000          .               .             -0.16545     11
     291  r     12 A  EQ        -0.00000        -0.00000          .               .              0.26929     12
     292  r     13 A  EQ        -0.00000        -0.00000          .               .             -0.00000     13
     293  r     14 A  EQ        -0.00000        -0.00000          .               .             -2.38844     14
     294  r     15 A  EQ        -0.00000        -0.00000          .               .             -0.40890     15
     295  r     16    EQ         0.00000         0.00000          .               .       -2310175.79528     16
     296  r     17    EQ         0.00000         0.00000          .               .       -1155088.02888     17
     297  r     18 A  EQ        -0.00000        -0.00000          .               .             -0.21821     18
     298  r     19 A  EQ        -0.00000        -0.00000          .               .             -0.16545     19
     299  r     20 A  EQ         0.00000         0.00000          .               .              0.22387     20
     300  r     21 A  EQ        -0.00000        -0.00000          .               .             -0.00001     21
     301  r     22 A  EQ         0.00000         0.00000          .               .             -2.95260     22
     302  r     23 A  EQ         0.00000         0.00000          .               .              1.04642     23
     303  r     24    EQ        -0.00000        -0.00000          .               .       -2310176.07177     24
     304  r     25    EQ        -0.00000        -0.00000          .               .       -1155088.02896     25
     305  r     26 A  EQ         0.00000         0.00000          .               .             -0.21821     26
     306  r     27 A  EQ         0.00000         0.00000          .               .             -0.16545     27
     307  r     28 A  EQ         0.00000         0.00000          .               .              0.36796     28
     308  r     29 A  EQ         0.00000         0.00000          .               .             -0.00001     29
     309  r     30 A  EQ        -0.00000        -0.00000          .               .             -2.64469     30
     310  r     31 A  EQ         0.00000         0.00000          .               .              2.92307     31
     311  r     32    EQ         0.00000         0.00000          .               .       -2310176.46797     32
     312  r     33    EQ        -0.00000        -0.00000          .               .       -1155088.02896     33
     313  r     34 A  EQ        -0.00000        -0.00000          .               .             -0.21821     34
     314  r     35 A  EQ        -0.00000        -0.00000          .               .             -0.16545     35
     315  r     36 A  EQ         0.00000         0.00000          .               .              0.57487     36
     316  r     37 A  EQ        -0.00000        -0.00000          .               .             -0.00001     37
     317  r     38 A  EQ         0.00000         0.00000          .               .             -2.13615     38
     318  r     39 A  EQ        -0.00000        -0.00000          .               .              3.76982     39
     319  r     40    EQ         0.00000         0.00000          .               .       -2310176.56919     40
     320  r     41    EQ        -0.00000        -0.00000          .               .       -1155088.04493     41
     321  r     42 A  EQ         0.00000         0.00000          .               .             -0.21821     42
     322  r     43 A  EQ         0.00000         0.00000          .               .             -0.16545     43
     323  r     44 A  EQ         0.00000         0.00000          .               .              0.57314     44
     324  r     45 A  EQ        -0.00000        -0.00000          .               .             -0.00001     45
     325  r     46 A  EQ        -0.00000        -0.00000          .               .             -2.25572     46
     326  r     47 A  EQ         0.00000         0.00000          .               .              3.03760     47
     327  r     48    EQ         0.00000         0.00000          .               .       -2310176.77721     48
     328  r     49    EQ          .               .               .               .       -1155088.05768     49
     329  r     50 A  EQ        -0.00000        -0.00000          .               .             -0.21821     50
     330  r     51 A  EQ         0.00000         0.00000          .               .             -0.16545     51
     331  r     52 A  EQ        -0.00000        -0.00000          .               .             -0.01414     52
     332  r     53 A  EQ         0.00000         0.00000          .               .             -0.00001     53
     333  r     54 A  EQ         0.00000         0.00000          .               .             -2.00092     54
     334  r     55 A  EQ        -0.00000        -0.00000          .               .              1.84515     55
     335  r     56    EQ         0.00000         0.00000          .               .       -2310176.71251     56
     336  r     57    EQ        -0.00000        -0.00000          .               .       -1155088.05768     57
     337  r     58 A  EQ         0.00000         0.00000          .               .             -0.21821     58
     338  r     59 A  EQ         0.00000         0.00000          .               .             -0.16545     59
     339  r     60 A  EQ        -0.00000        -0.00000          .               .             -1.23287     60
     340  r     61 A  EQ        -0.00000        -0.00000          .               .             -0.00001     61
     341  r     62 A  EQ        -0.00000        -0.00000          .               .             -3.19157     62
     342  r     63 A  EQ         0.00000         0.00000          .               .              1.65329     63
     343  r     64    EQ        -0.00000        -0.00000          .               .       -2310176.45715     64
     344  r     65    EQ         0.00000         0.00000          .               .       -1155088.05767     65
     345  r     66 A  EQ        -0.00000        -0.00000          .               .             -0.21821     66
     346  r     67 A  EQ        -0.00000        -0.00000          .               .             -0.16545     67
     347  r     68 A  EQ         0.00000         0.00000          .               .             -2.50856     68
     348  r     69 A  EQ         0.00000         0.00000          .               .             -0.00001     69
     349  r     70    EQ         0.00000         0.00000          .               .             -5.01319     70
     350  r     71 A  EQ        -0.00000        -0.00000          .               .             -2.94753     71
     351  r     72    EQ        -0.00000        -0.00000          .               .       -2310176.11674     72
     352  r     73    EQ         0.00000         0.00000          .               .       -1155088.05767     73
     353  r     74 A  EQ         0.00000         0.00000          .               .             -0.21821     74
     354  r     75 A  EQ        -0.00000        -0.00000          .               .             -0.16545     75
     355  r     76 A  EQ         0.00000         0.00000          .               .             -3.84825     76
     356  r     77 A  EQ        -0.00000        -0.00000          .               .             -0.00001     77
     357  r     78 A  EQ         0.00000         0.00000          .               .              0.48517     78
     358  r     79    EQ         0.00000         0.00000          .               .             -7.99717     79
     359  r     80    EQ         0.00000         0.00000          .               .       -2310175.82969     80
     360  r     81    EQ        -0.00000        -0.00000          .               .       -1155088.05765     81
     361  r     82 A  EQ         0.00000         0.00000          .               .             -0.21821     82
     362  r     83 A  EQ         0.00000         0.00000          .               .             -0.16545     83
     363  r     84    EQ        -0.00000        -0.00000          .               .             -5.28278     84
     364  r     85 A  EQ        -0.00000        -0.00000          .               .             -0.00001     85
     365  r     86    EQ         0.00000         0.00000          .               .              7.16341     86
     366  r     87    EQ         0.00000         0.00000          .               .             -6.74942     87
     367  r     88    EQ        -0.00000        -0.00000          .               .       -2310175.83472     88
     368  r     89    EQ         0.00000         0.00000          .               .       -1155088.05764     89
     369  r     90 A  EQ         0.00000         0.00000          .               .             -0.21821     90
     370  r     91 A  EQ         0.00000         0.00000          .               .             -0.16545     91
     371  r     92    EQ        -0.00000        -0.00000          .               .             -6.26981     92
     372  r     93 A  EQ         0.00000         0.00000          .               .             -0.00001     93
     373  r     94    EQ        -0.00000        -0.00000          .               .              9.29837     94
     374  r     95    EQ        -0.00000        -0.00000          .               .             -5.12281     95
     375  r     96    EQ         0.00000         0.00000          .               .       -2310175.69317     96
     376  r     97    EQ        -0.00000        -0.00000          .               .       -1155088.02089     97
     377  r     98 A  EQ         0.00000         0.00000          .               .             -0.21821     98
     378  r     99 A  EQ         0.00000         0.00000          .               .             -0.16545     99
     379  r    100    EQ         0.00000         0.00000          .               .             -6.41279    100
     380  r    101 A  EQ        -0.00000        -0.00000          .               .             -0.00001    101
     381  r    102    EQ        -0.00000        -0.00000          .               .              7.20525    102
     382  r    103    EQ        -0.00000        -0.00000          .               .             -6.65452    103
     383  r    104    EQ        -0.00000        -0.00000          .               .       -2310175.88016    104
     384  r    105    EQ        -0.00000        -0.00000          .               .       -1155087.94451    105
     385  r    106 A  EQ        -0.00000        -0.00000          .               .             -0.21821    106
     386  r    107 A  EQ        -0.00000        -0.00000          .               .             -0.16545    107
     387  r    108    EQ         0.00000         0.00000          .               .             -5.44243    108
     388  r    109 A  EQ         0.00000         0.00000          .               .             -0.00001    109
     389  r    110 A  EQ        -0.00000        -0.00000          .               .              1.92473    110
     390  r    111    EQ         0.00000         0.00000          .               .             -7.49904    111
     391  r    112    EQ         0.00000         0.00000          .               .       -2310175.95430    112
     392  r    113    EQ         0.00000         0.00000          .               .       -1155087.94457    113
     393  r    114 A  EQ         0.00000         0.00000          .               .             -0.21821    114
     394  r    115 A  EQ         0.00000         0.00000          .               .             -0.16544    115
     395  r    116 A  EQ        -0.00000        -0.00000          .               .             -3.25526    116
     396  r    117 A  EQ         0.00000         0.00000          .               .             -0.00001    117
     397  r    118 A  EQ         0.00000         0.00000          .               .             -1.94106    118
     398  r    119    EQ        -0.00000        -0.00000          .               .             -4.78695    119
     399  r    120    EQ         0.00000         0.00000          .               .       -2310176.06546    120
     400  r    121    EQ         0.00000         0.00000          .               .       -1155087.94456    121
     401  r    122 A  EQ         0.00000         0.00000          .               .             -0.21821    122
     402  r    123 A  EQ        -0.00000        -0.00000          .               .             -0.16544    123
     403  r    124 A  EQ         0.00000         0.00000          .               .             -0.68903    124
     404  r    125 A  EQ        -0.00000        -0.00000          .               .             -0.00001    125
     405  r    126 A  EQ         0.00000         0.00000          .               .             -2.19304    126
     406  r    127 A  EQ         0.00000         0.00000          .               .             -2.44728    127
     407  r    128    EQ        -0.00000        -0.00000          .               .       -2310176.17478    128
     408  r    129    EQ        -0.00000        -0.00000          .               .       -1155087.94422    129
     409  r    130 A  EQ         0.00000         0.00000          .               .             -0.21821    130
     410  r    131 A  EQ        -0.00000        -0.00000          .               .             -0.16544    131
     411  r    132 A  EQ         0.00000         0.00000          .               .              1.17201    132
     412  r    133 A  EQ         0.00000         0.00000          .               .             -0.00001    133
     413  r    134 A  EQ        -0.00000        -0.00000          .               .             -2.25898    134
     414  r    135 A  EQ         0.00000         0.00000          .               .             -2.21949    135
     415  r    136    EQ        -0.00000        -0.00000          .               .       -2310176.20974    136
     416  r    137    EQ          .               .               .               .       -1155087.94387    137
     417  r    138 A  EQ        -0.00000        -0.00000          .               .             -0.21820    138
     418  r    139 A  EQ        -0.00000        -0.00000          .               .             -0.16544    139
     419  r    140 A  EQ        -0.00000        -0.00000          .               .              2.06729    140
     420  r    141 A  EQ        -0.00000        -0.00000          .               .             -0.00001    141
     421  r    142 A  EQ         0.00000         0.00000          .               .             -3.08665    142
     422  r    143 A  EQ         0.00000         0.00000          .               .             -2.07825    143
     423  r    144    EQ        -0.00000        -0.00000          .               .       -2310176.21539    144
     424  r    145    EQ         0.00000         0.00000          .               .       -1155087.94388    145
     425  r    146 A  EQ         0.00000         0.00000          .               .             -0.21820    146
     426  r    147 A  EQ        -0.00000        -0.00000          .               .             -0.16544    147
     427  r    148 A  EQ        -0.00000        -0.00000          .               .              2.24354    148
     428  r    149 A  EQ        -0.00000        -0.00000          .               .             -0.00001    149
     429  r    150 A  EQ         0.00000         0.00000          .               .             -3.49446    150
     430  r    151 A  EQ         0.00000         0.00000          .               .             -1.71248    151
     431  r    152    EQ         0.00000         0.00000          .               .       -2310176.20073    152
     432  r    153    EQ         0.00000         0.00000          .               .       -1155088.03269    153
     433  r    154 A  EQ         0.00000         0.00000          .               .             -0.21820    154
     434  r    155 A  EQ        -0.00000        -0.00000          .               .             -0.16544    155
     435  r    156 A  EQ        -0.00000        -0.00000          .               .              2.03219    156
     436  r    157 A  EQ         0.00000         0.00000          .               .             -0.00001    157
     437  r    158 A  EQ        -0.00000        -0.00000          .               .             -3.32510    158
     438  r    159 A  EQ         0.00000         0.00000          .               .             -1.52387    159
     439  r    160    EQ        -0.00000        -0.00000          .               .       -2310176.02931    160
     440  r    161    EQ         0.00000         0.00000          .               .       -1155088.03693    161
     441  r    162 A  EQ        -0.00000        -0.00000          .               .             -0.21820    162
     442  r    163 A  EQ        -0.00000        -0.00000          .               .             -0.16543    163
     443  r    164 A  EQ        -0.00000        -0.00000          .               .              1.64627    164
     444  r    165 A  EQ        -0.00000        -0.00000          .               .             -0.00001    165
     445  r    166 A  EQ        -0.00000        -0.00000          .               .             -2.86401    166
     446  r    167 A  EQ         0.00000         0.00000          .               .             -1.46206    167
     447  r    168    EQ        -0.00000        -0.00000          .               .       -2310176.05799    168
     448  r    169    EQ         0.00000         0.00000          .               .       -1155088.02040    169
     449  r    170 A  EQ         0.00000         0.00000          .               .             -0.21820    170
     450  r    171 A  EQ         0.00000         0.00000          .               .             -0.16543    171
     451  r    172 A  EQ        -0.00000        -0.00000          .               .              1.20546    172
     452  r    173 A  EQ         0.00000         0.00000          .               .             -0.00001    173
     453  r    174 A  EQ        -0.00000        -0.00000          .               .             -2.31202    174
     454  r    175 A  EQ        -0.00000        -0.00000          .               .             -1.39122    175
     455  r    176    EQ         0.00000         0.00000          .               .       -2310176.05944    176
     456  r    177    EQ        -0.00000        -0.00000          .               .       -1155088.08402    177
     457  r    178 A  EQ         0.00000         0.00000          .               .             -0.21820    178
     458  r    179 A  EQ        -0.00000        -0.00000          .               .             -0.16543    179
     459  r    180 A  EQ         0.00000         0.00000          .               .              0.81392    180
     460  r    181 A  EQ        -0.00000        -0.00000          .               .             -0.00000    181
     461  r    182 A  EQ         0.00000         0.00000          .               .             -1.81788    182
     462  r    183 A  EQ        -0.00000        -0.00000          .               .             -1.25598    183
     463  r    184    EQ        -0.00000        -0.00000          .               .       -2310176.07636    184
     464  r    185    EQ         0.00000         0.00000          .               .       -1155088.08392    185
     465  r    186 A  EQ        -0.00000        -0.00000          .               .             -0.21820    186
     466  r    187 A  EQ         0.00000         0.00000          .               .             -0.16543    187
     467  r    188 A  EQ        -0.00000        -0.00000          .               .              0.53085    188
     468  r    189 A  EQ         0.00000         0.00000          .               .             -0.00000    189
     469  r    190 A  EQ        -0.00000        -0.00000          .               .             -1.43788    190
     470  r    191 A  EQ         0.00000         0.00000          .               .             -1.08156    191
     471  r    192    EQ        -0.00000        -0.00000          .               .       -2310176.10845    192
     472  r    193    EQ         0.00000         0.00000          .               .       -1155088.11998    193
     473  r    194 A  EQ         0.00000         0.00000          .               .             -0.21820    194
     474  r    195 A  EQ         0.00000         0.00000          .               .             -0.16543    195
     475  r    196 A  EQ        -0.00000        -0.00000          .               .              0.36069    196
     476  r    197 A  EQ         0.00000         0.00000          .               .             -0.00000    197
     477  r    198 A  EQ         0.00000         0.00000          .               .             -1.15051    198
     478  r    199 A  EQ         0.00000         0.00000          .               .             -0.90358    199
     479  r    200    EQ        -0.00000        -0.00000          .               .       -2310176.15330    200
     480  r    201    EQ         0.00000         0.00000          .               .       -1155088.14704    201
     481  r    202 A  EQ        -0.00000        -0.00000          .               .             -0.21820    202
     482  r    203 A  EQ        -0.00000        -0.00000          .               .             -0.16543    203
     483  r    204 A  EQ        -0.00000        -0.00000          .               .              0.26743    204
     484  r    205 A  EQ        -0.00000        -0.00000          .               .             -0.00000    205
     485  r    206 A  EQ        -0.00000        -0.00000          .               .             -0.91381    206
     486  r    207 A  EQ        -0.00000        -0.00000          .               .             -0.73345    207
     487  r    208    EQ        -0.00000        -0.00000          .               .       -2310176.25953    208
     488  r    209    EQ         0.00000         0.00000          .               .       -1155088.14491    209
     489  r    210 A  EQ         0.00000         0.00000          .               .             -0.21820    210
     490  r    211 A  EQ         0.00000         0.00000          .               .             -0.16543    211
     491  r    212 A  EQ         0.00000         0.00000          .               .              0.21594    212
     492  r    213 A  EQ        -0.00000        -0.00000          .               .             -0.00000    213
     493  r    214 A  EQ         0.00000         0.00000          .               .             -0.70109    214
     494  r    215 A  EQ         0.00000         0.00000          .               .             -0.56947    215
     495  r    216    EQ         0.00000         0.00000          .               .       -2310176.32570    216
     496  r    217    EQ        -0.00000        -0.00000          .               .       -1155088.23405    217
     497  r    218 A  EQ        -0.00000        -0.00000          .               .             -0.21820    218
     498  r    219 A  EQ         0.00000         0.00000          .               .             -0.16543    219
     499  r    220 A  EQ        -0.00000        -0.00000          .               .              0.18789    220
     500  r    221 A  EQ         0.00000         0.00000          .               .             -0.00000    221
     501  r    222 A  EQ        -0.00000        -0.00000          .               .             -0.50560    222
     502  r    223 A  EQ        -0.00000        -0.00000          .               .             -0.40905    223
     503  r    224    EQ         0.00000         0.00000          .               .       -2310176.40526    224
     504  r    225    EQ        -0.00000        -0.00000          .               .       -1155088.23410    225
     505  r    226 A  EQ        -0.00000        -0.00000          .               .             -0.21820    226
     506  r    227 A  EQ        -0.00000        -0.00000          .               .             -0.16543    227
     507  r    228 A  EQ         0.00000         0.00000          .               .              0.16787    228
     508  r    229 A  EQ        -0.00000        -0.00000          .               .             -0.00000    229
     509  r    230 A  EQ        -0.00000        -0.00000          .               .             -0.31399    230
     510  r    231 A  EQ        -0.00000        -0.00000          .               .             -0.24737    231
     511  r    232    EQ         0.00000         0.00000          .               .       -2310176.50296    232
     512  r    233    EQ        -0.00000        -0.00000          .               .       -1155088.23410    233
     513  r    234 A  EQ        -0.00000        -0.00000          .               .             -0.21820    234
     514  r    235 A  EQ        -0.00000        -0.00000          .               .             -0.16543    235
     515  r    236 A  EQ         0.00000         0.00000          .               .              0.15356    236
     516  r    237 A  EQ         0.00000         0.00000          .               .             -0.00000    237
     517  r    238 A  EQ         0.00000         0.00000          .               .             -0.10804    238
     518  r    239 A  EQ        -0.00000        -0.00000          .               .             -0.08270    239
     519  r    240    EQ         0.00000         0.00000          .               .       -2310176.62437    240
     520  r    241    EQ        -0.00000        -0.00000          .               .       -1155088.25016    241
1
 
 Section 2 - Variables

  Number  .Column. State  ...Value......  .Obj Gradient.  ..Lower Limit.  ..Upper Limit.  .Dual Variable    m+j
 
       1  x      1 A  EQ          .               .               .               .             -0.32731    242
       2  x      2 A  EQ          .               .               .               .             -0.24817    243
       3  x      3 A  EQ          .               .               .               .              0.66143    244
       4  x      4 A  EQ          .               .               .               .             -0.00001    245
       5  x      5 A  EQ          .               .               .               .             -2.91730    246
       6  x      6 A  EQ          .               .               .               .             -1.45716    247
       7  x      7    EQ          .               .               .               .       -3465262.39875    248
       8  x      8    EQ          .               .               .               .       -1732632.03280    249
       9  x      9    BS         0.70667         0.70667           None            None          0.00641    250
      10  x     10    BS        -0.02407          .                None            None          0.00000    251
      11  x     11    BS        -0.01122          .                None            None         -0.00000    252
      12  x     12    BS        -0.29907          .                None            None          0.00008    253
      13  x     13    BS         0.59814          .                None            None          0.00000    254
      14  x     14    BS        -0.04498          .                None            None          0.00034    255
      15  x     15    BS        -0.01461          .                None            None         -0.00021    256
      16  x     16    BS        -0.54388          .                None            None         -0.39329    257
      17  x     17    BS         1.08776          .                None            None          0.00000    258
      18  x     18   SBS         0.38109         0.76217           None            None         -0.00834    259
      19  x     19    BS        -0.07417          .                None            None          0.00000    260
      20  x     20    BS        -0.01668          .                None            None          0.00000    261
      21  x     21    BS        -0.97136          .                None            None         -0.00056    262
      22  x     22    BS         1.94271          .                None            None         -0.00000    263
      23  x     23    BS        -0.04607          .                None            None          0.00071    264
      24  x     24    BS         0.00182          .                None            None         -0.00229    265
      25  x     25    BS        -0.73856          .                None            None         -0.00003    266
      26  x     26    BS         1.47711          .                None            None         -0.00013    267
      27  x     27    BS         0.00827         0.01655           None            None          0.00953    268
      28  x     28    BS        -0.11086          .                None            None          0.00000    269
      29  x     29    BS        -0.02616          .                None            None          0.00000    270
      30  x     30    BS        -1.66471          .                None            None         -0.00029    271
      31  x     31    BS         3.32943          .                None            None         -0.00000    272
      32  x     32    BS        -0.03301          .                None            None         -0.00068    273
      33  x     33    BS        -0.02981          .                None            None         -0.00153    274
      34  x     34    BS        -0.59882          .                None            None         -0.33166    275
      35  x     35    BS         1.19764          .                None            None          0.00000    276
      36  x     36   SBS        -0.28775        -0.57549           None            None         -0.01147    277
      37  x     37    BS        -0.15639          .                None            None          0.00000    278
      38  x     38    BS        -0.08376          .                None            None          0.00000    279
      39  x     39    BS        -2.08859          .                None            None         -0.00044    280
      40  x     40    BS         4.17718          .                None            None         -0.00000    281
      41  x     41    BS        -0.06185          .                None            None          0.00006    282
      42  x     42    BS        -0.08636          .                None            None          0.00296    283
      43  x     43    BS        -0.21786          .                None            None         -0.05434    284
      44  x     44    BS         0.43572          .                None            None          0.00168    285
      45  x     45   SBS        -0.47417        -0.94834           None            None          0.00763    286
      46  x     46    BS        -0.22770          .                None            None          0.00000    287
      47  x     47    BS        -0.20481          .                None            None          0.00000    288
      48  x     48    BS        -2.05589          .                None            None          0.00027    289
      49  x     49    BS         4.11178          .                None            None          0.00000    290
      50  x     50    BS        -0.06872          .                None            None         -0.00008    291
      51  x     51    BS        -0.16196          .                None            None          0.00058    292
      52  x     52    BS         0.29674          .                None            None         -0.36130    293
      53  x     53    BS        -0.59349          .                None            None         -0.01914    294
      54  x     54   SBS        -0.55504        -1.11008           None            None         -0.00659    295
      55  x     55    BS        -0.24697          .                None            None          0.00000    296
      56  x     56    BS        -0.41593          .                None            None          0.00000    297
      57  x     57   SBS        -1.48228          .                None            None          0.00034    298
      58  x     58    BS         2.96455          .                None            None         -0.00000    299
      59  x     59    BS         0.06458          .                None            None         -0.00005    300
      60  x     60    BS        -0.24808          .                None            None          0.00001    301
      61  x     61    BS         0.84984          .                None            None         -0.06598    302
      62  x     62    BS        -1.69967          .                None            None          0.00000    303
      63  x     63    BS        -0.55115        -1.10230           None            None          0.00471    304
      64  x     64    BS        -0.04343          .                None            None          0.00000    305
      65  x     65    BS        -0.60987          .                None            None          0.00000    306
      66  x     66    BS        -0.39408          .                None            None          0.00032    307
      67  x     67    BS         0.78816          .                None            None         -0.00000    308
      68  x     68    BS         0.32538          .                None            None         -0.00173    309
      69  x     69    BS        -0.06687          .                None            None         -0.00136    310
      70  x     70    BS         1.28935          .                None            None         -0.00005    311
      71  x     71    BS        -2.57869          .                None            None         -0.00000    312
      72  x     72   SBS        -0.32787        -0.65574           None            None         -0.00157    313
      73  x     73    BS         0.24014          .                None            None         -0.00000    314
      74  x     74    BS        -0.45691          .                None            None          0.00000    315
      75  x     75    BS         1.00062          .                None            None          0.00154    316
      76  x     76    BS        -2.00124          .                None            None         -0.00000    317
      77  x     77    BS         0.13872          .                None            None          0.00168    318
      78  x     78    BS         0.34097          .                None            None         -0.00114    319
      79  x     79    BS         1.44146          .                None            None         -0.00013    320
      80  x     80    BS        -2.88292          .                None            None         -0.00000    321
      81  x     81   SBS         0.02364         0.04729           None            None         -0.00139    322
      82  x     82    BS         0.13273          .                None            None         -0.00000    323
      83  x     83    BS        -0.11669          .                None            None          0.00000    324
      84  x     84    BS         2.37202          .                None            None          0.00142    325
      85  x     85    BS        -4.74404          .                None            None         -0.00000    326
      86  x     86    BS        -0.33102          .                None            None          0.00041    327
      87  x     87    BS         0.24405          .                None            None          0.00278    328
      88  x     88    BS         1.24311          .                None            None          0.00026    329
      89  x     89    BS        -2.48623          .                None            None          0.00001    330
      90  x     90    BS         0.37305         0.74610           None            None          0.00064    331
      91  x     91    BS        -0.29664          .                None            None         -0.00000    332
      92  x     92    BS        -0.07225          .                None            None          0.00000    333
      93  x     93   SBS         3.40471          .                None            None          0.00074    334
      94  x     94    BS        -6.80942          .                None            None         -0.00000    335
      95  x     95    BS        -0.46502          .                None            None         -0.00034    336
      96  x     96    BS        -0.15837          .                None            None          0.00080    337
      97  x     97   SBS         0.79836          .                None            None         -0.28563    338
      98  x     98    BS        -1.59672          .                None            None          0.00000    339
      99  x     99   SBS         0.51646         1.03291           None            None         -0.08944    340
     100  x    100    BS        -0.72707          .                None            None         -0.00000    341
     101  x    101    BS        -0.37547          .                None            None          0.00000    342
     102  x    102    BS         3.93336          .                None            None          0.00031    343
     103  x    103    BS        -7.86672          .                None            None         -0.00000    344
     104  x    104    BS        -0.39687          .                None            None         -0.00004    345
     105  x    105    BS        -0.40804          .                None            None         -0.00004    346
     106  x    106    BS         0.24745          .                None            None          0.10667    347
     107  x    107    BS        -0.49491          .                None            None          0.00380    348
     108  x    108    BS         0.58536         1.17072           None            None         -0.10458    349
     109  x    109    BS        -1.14726          .                None            None         -0.00000    350
     110  x    110    BS        -0.81130          .                None            None         -0.00000    351
     111  x    111    BS         3.89796          .                None            None          0.00024    352
     112  x    112    BS        -7.79592          .                None            None         -0.00000    353
     113  x    113    BS        -0.48268          .                None            None          0.00137    354
     114  x    114    BS        -0.42307          .                None            None         -0.00027    355
     115  x    115    BS        -0.30844          .                None            None         -0.24663    356
     116  x    116    BS         0.61687          .                None            None          0.11456    357
     117  x    117   SBS         0.52642         1.05285           None            None          0.00677    358
     118  x    118    BS        -1.75101          .                None            None         -0.00000    359
     119  x    119    BS        -1.11514          .                None            None         -0.00000    360
     120  x    120    BS         3.36455          .                None            None         -0.00480    361
     121  x    121    BS        -6.72910          .                None            None          0.00000    362
     122  x    122    BS        -0.72021          .                None            None          0.00842    363
     123  x    123    BS        -0.11822          .                None            None          0.00169    364
     124  x    124    BS        -0.72014          .                None            None         -0.01246    365
     125  x    125    BS         1.44027          .                None            None         -0.00012    366
     126  x    126    BS         0.29698         0.59395           None            None          0.00446    367
     127  x    127    BS        -2.47672          .                None            None         -0.00000    368
     128  x    128    BS        -0.92777          .                None            None          0.00000    369
     129  x    129    BS         2.52555          .                None            None         -0.02011    370
     130  x    130    BS        -5.05110          .                None            None          0.00001    371
     131  x    131    BS        -0.63024          .                None            None          0.00313    372
     132  x    132    BS         0.51173          .                None            None         -0.00181    373
     133  x    133    BS        -0.92824          .                None            None         -0.00511    374
     134  x    134    BS         1.85647          .                None            None          0.00000    375
     135  x    135    BS         0.11923         0.23845           None            None         -0.00787    376
     136  x    136    BS        -2.79578          .                None            None          0.00000    377
     137  x    137    BS        -0.19499          .                None            None          0.00000    378
     138  x    138   SBS         1.57044          .                None            None         -0.00313    379
     139  x    139    BS        -3.14089          .                None            None          0.00000    380
     140  x    140    BS         0.05319          .                None            None         -0.00524    381
     141  x    141    BS         0.84120          .                None            None          0.00401    382
     142  x    142   SBS        -0.94924          .                None            None          0.00396    383
     143  x    143    BS         1.89847          .                None            None          0.00050    384
     144  x    144   SBS        -0.07723        -0.15446           None            None          0.00397    385
     145  x    145    BS        -2.40016          .                None            None          0.00000    386
     146  x    146    BS         0.50812          .                None            None          0.00000    387
     147  x    147    BS         0.68160          .                None            None          0.00056    388
     148  x    148    BS        -1.36320          .                None            None          0.00000    389
     149  x    149    BS         0.66487          .                None            None          0.00031    390
     150  x    150    BS         0.48177          .                None            None          0.00037    391
     151  x    151    BS        -0.80668          .                None            None          0.05846    392
     152  x    152    BS         1.61337          .                None            None          0.00051    393
     153  x    153    BS        -0.20788        -0.41575           None            None          0.06658    394
     154  x    154    BS        -1.64193          .                None            None          0.00000    395
     155  x    155    BS         0.72143          .                None            None          0.00000    396
     156  x    156    BS         0.00050          .                None            None          0.00022    397
     157  x    157    BS        -0.00099          .                None            None          0.00000    398
     158  x    158    BS         0.78402          .                None            None          0.00014    399
     159  x    159    BS        -0.03046          .                None            None         -0.00010    400
     160  x    160    BS        -0.53387          .                None            None          0.03633    401
     161  x    161    BS         1.06775          .                None            None         -0.00002    402
     162  x    162   SBS        -0.33774        -0.67548           None            None         -0.02201    403
     163  x    163    BS        -0.89856          .                None            None          0.00000    404
     164  x    164    BS         0.53899          .                None            None          0.00000    405
     165  x    165    BS        -0.37338          .                None            None          0.00008    406
     166  x    166    BS         0.74677          .                None            None          0.00000    407
     167  x    167    BS         0.69728          .                None            None         -0.00005    408
     168  x    168    BS        -0.28964          .                None            None         -0.00010    409
     169  x    169    BS        -0.22277          .                None            None          0.00202    410
     170  x    170    BS         0.44553          .                None            None         -0.14605    411
     171  x    171   SBS        -0.28448        -0.56895           None            None          0.00001    412
     172  x    172    BS        -0.23101          .                None            None          0.00000    413
     173  x    173    BS         0.21193          .                None            None          0.00000    414
     174  x    174    BS        -0.47718          .                None            None         -0.00003    415
     175  x    175    BS         0.95436          .                None            None          0.00000    416
     176  x    176    BS         0.64849          .                None            None         -0.00008    417
     177  x    177    BS        -0.34048          .                None            None         -0.00001    418
     178  x    178    BS        -0.00809          .                None            None          0.21832    419
     179  x    179    BS         0.01619          .                None            None          0.00005    420
     180  x    180    BS        -0.14487        -0.28974           None            None          0.00002    421
     181  x    181    BS         0.41477          .                None            None          0.00000    422
     182  x    182    BS        -0.10938          .                None            None          0.00000    423
     183  x    183   SBS        -0.42250          .                None            None         -0.00006    424
     184  x    184    BS         0.84501          .                None            None          0.00000    425
     185  x    185    BS         0.64785          .                None            None         -0.00009    426
     186  x    186    BS        -0.28997          .                None            None          0.00002    427
     187  x    187   SBS         0.10778          .                None            None         -0.06210    428
     188  x    188    BS        -0.21555          .                None            None          0.02798    429
     189  x    189   SBS        -0.08687        -0.17374           None            None          0.00003    430
     190  x    190    BS         1.06745          .                None            None          0.00000    431
     191  x    191    BS        -0.34924          .                None            None          0.00000    432
     192  x    192    BS        -0.27863          .                None            None         -0.00003    433
     193  x    193    BS         0.55726          .                None            None          0.00000    434
     194  x    194    BS         0.65578          .                None            None         -0.00011    435
     195  x    195    BS        -0.18300          .                None            None          0.00002    436
     196  x    196    BS         0.17264          .                None            None         -0.00012    437
     197  x    197    BS        -0.34528          .                None            None         -0.09543    438
     198  x    198    BS        -0.04286        -0.08572           None            None         -0.00003    439
     199  x    199    BS         1.71794          .                None            None          0.00000    440
     200  x    200    BS        -0.46837          .                None            None          0.00000    441
     201  x    201    BS        -0.09481          .                None            None          0.00003    442
     202  x    202    BS         0.18962          .                None            None          0.00000    443
     203  x    203    BS         0.63960          .                None            None         -0.00006    444
     204  x    204    BS        -0.05578          .                None            None          0.00000    445
     205  x    205    BS         0.18475          .                None            None         -0.00003    446
     206  x    206    BS        -0.36949          .                None            None          0.00015    447
     207  x    207   SBS         0.01865         0.03729           None            None         -0.00021    448
     208  x    208    BS         2.33553          .                None            None          0.00000    449
     209  x    209    BS        -0.46885          .                None            None          0.00000    450
     210  x    210    BS         0.07623          .                None            None         -0.00003    451
     211  x    211    BS        -0.15247          .                None            None          0.00000    452
     212  x    212    BS         0.59116          .                None            None         -0.00003    453
     213  x    213    BS         0.04860          .                None            None          0.00001    454
     214  x    214    BS         0.15296          .                None            None         -0.00001    455
     215  x    215    BS        -0.30591          .                None            None         -0.05410    456
     216  x    216    BS         0.04494         0.08987           None            None          0.00030    457
     217  x    217    BS         2.89459          .                None            None          0.00000    458
     218  x    218    BS        -0.38635          .                None            None          0.00000    459
     219  x    219    BS         0.20166          .                None            None         -0.00001    460
     220  x    220    BS        -0.40333          .                None            None          0.00000    461
     221  x    221    BS         0.52583          .                None            None         -0.00001    462
     222  x    222    BS         0.10794          .                None            None          0.00000    463
     223  x    223   SBS         0.09284          .                None            None         -0.00001    464
     224  x    224    BS        -0.18569          .                None            None         -0.04059    465
     225  x    225   SBS         0.07528         0.15057           None            None         -0.00035    466
     226  x    226    BS         3.38755          .                None            None          0.00000    467
     227  x    227    BS        -0.26893          .                None            None          0.00000    468
     228  x    228    BS         0.26192          .                None            None         -0.00001    469
     229  x    229    BS        -0.52383          .                None            None          0.00000    470
     230  x    230    BS         0.46083          .                None            None          0.00000    471
     231  x    231    BS         0.12086          .                None            None          0.00000    472
     232  x    232    BS         0.03271          .                None            None         -0.07240    473
     233  x    233    BS        -0.06542          .                None            None         -0.00000    474
     234  x    234   SBS         0.04498         0.08997           None            None          0.00035    475
     235  x    235    BS         3.81800          .                None            None          0.00000    476
     236  x    236    BS        -0.15347          .                None            None          0.00000    477
     237  x    237    BS         0.27135          .                None            None          0.00001    478
     238  x    238    BS        -0.54270          .                None            None          0.00000    479
     239  x    239    BS         0.40099          .                None            None         -0.00000    480
     240  x    240    BS         0.10642          .                None            None         -0.00000    481
     241  x    241    BS        -0.01463          .                None            None         -0.00004    482
     242  x    242    BS         0.02927          .                None            None         -0.13372    483
     243  x    243    BS         0.04971         0.09942           None            None         -0.00034    484
     244  x    244    BS         4.19139          .                None            None          0.00000    485
     245  x    245    BS        -0.06241          .                None            None          0.00000    486
     246  x    246    BS         0.22929          .                None            None          0.00002    487
     247  x    247    BS        -0.45859          .                None            None          0.00000    488
     248  x    248    BS         0.34664          .                None            None         -0.00002    489
     249  x    249    BS         0.07287          .                None            None         -0.00000    490
     250  x    250   SBS        -0.07205          .                None            None         -0.00006    491
     251  x    251    BS         0.14409          .                None            None         -0.00007    492
     252  x    252   SBS         0.06511         0.13022           None            None         -0.00012    493
     253  x    253    BS         4.51229          .                None            None          0.00000    494
     254  x    254    BS        -0.01097          .                None            None          0.00000    495
     255  x    255    BS         0.13494          .                None            None          0.00000    496
     256  x    256    BS        -0.26988          .                None            None          0.00000    497
     257  x    257    BS         0.29524          .                None            None         -0.00000    498
     258  x    258    BS         0.03046          .                None            None         -0.00000    499
     259  x    259    BS        -0.10641          .                None            None         -0.00005    500
     260  x    260    BS         0.21283          .                None            None         -0.00001    501
     261  x    261   SBS         0.00363         0.00725           None            None          0.00032    502
     262  x    262    BS         4.78171          .                None            None          0.00000    503
     263  x    263    BS         0.00313          .                None            None          0.00000    504
     264  x    264    BS         0.03852          .                None            None          0.00000    505
     265  x    265    BS        -0.07705          .                None            None          0.00000    506
     266  x    266    BS         0.24365          .                None            None         -0.00000    507
     267  x    267    BS         0.00144          .                None            None         -0.00000    508
     268  x    268    BS        -0.07460          .                None            None          0.00001    509
     269  x    269    BS         0.14920          .                None            None         -0.02089    510
     270  x    270    BS        -0.06725        -0.13451           None            None         -0.00735    511
     271  x    271 A  EQ         5.00000          .              5.00000         5.00000         0.32730    512
     272  x    272 A  EQ          .               .               .               .              0.24814    513
     273  x    273 A  EQ          .               .               .               .             -0.22585    514
     274  x    274    BS        -0.00000          .                None            None          0.00000    515
     275  x    275    BS         0.19314          .                None            None         -0.00000    516
     276  x    276    BS        -0.00422          .                None            None         -0.00000    517
     277  x    277    EQ          .               .               .               .        3465265.03987    518
     278  x    278    EQ          .               .               .               .        1732632.37754    519
     279  x    279    BS        -0.08195        -0.08195           None            None          0.03010    520
 
 Time for MPS input                             0.00 seconds
 Time for solving problem                       5.77 seconds
 Time for solution output                       0.02 seconds
 Time for constraint functions                  5.56 seconds
 Time for objective function                    0.00 seconds
